<?xml version="1.0" encoding="UTF-8"?>
<!-- Generated by org.testng.reporters.JUnitReportReporter -->
<testsuite hostname="Sumedh-Kp-C02F8051MD6M.local" failures="0" tests="1" name="Driver.DriverLoginFlow" time="71.883" errors="0" timestamp="2024-08-22T20:00:23 IST" skipped="0">
  <testcase classname="Driver.DriverLoginFlow" name="successfulDriverLogin" time="71.883"/>
  <system-out/>
</testsuite> <!-- Driver.DriverLoginFlow -->
