<?xml version="1.0" encoding="UTF-8"?>
<!-- Generated by org.testng.reporters.JUnitReportReporter -->
<testsuite hostname="Sumedh-Kp-C02F8051MD6M.local" failures="0" tests="1" name="Driver.PopUpScreen" time="10.302" errors="0" timestamp="2024-09-16T12:58:46 IST" skipped="0">
  <testcase classname="Driver.PopUpScreen" name="acceptOffer" time="10.302"/>
  <system-out/>
</testsuite> <!-- Driver.PopUpScreen -->
