<?xml version="1.0" encoding="UTF-8"?>
<!-- Generated by org.testng.reporters.JUnitReportReporter -->
<testsuite hostname="Sumedh-Kp-C02F8051MD6M.local" failures="0" tests="1" name="Driver.EndRideScreen" time="21.274" errors="0" timestamp="2024-08-24T21:24:26 IST" skipped="0">
  <testcase classname="Driver.EndRideScreen" name="clickEndRide" time="21.274"/>
  <system-out/>
</testsuite> <!-- Driver.EndRideScreen -->
