<?xml version="1.0" encoding="UTF-8"?>
<!-- Generated by org.testng.reporters.JUnitReportReporter -->
<testsuite hostname="Sumedh-Kp-C02F8051MD6M.local" failures="0" tests="1" name="User.Android.UserRatingScreen" time="14.786" errors="0" timestamp="2024-08-24T21:24:26 IST" skipped="0">
  <testcase classname="User.Android.UserRatingScreen" name="ratingScreen" time="14.786"/>
  <system-out/>
</testsuite> <!-- User.Android.UserRatingScreen -->
