<?xml version="1.0" encoding="UTF-8"?>
<!-- Generated by org.testng.reporters.JUnitReportReporter -->
<testsuite hostname="Sumedh-Kp-C02F8051MD6M.local" failures="0" tests="1" name="TestSuite.Android" time="211.886" errors="0" timestamp="2024-07-29T19:09:08 IST" skipped="0">
  <testcase classname="TestSuite.Android" name="sanityrideFlow" time="211.886"/>
  <system-out/>
</testsuite> <!-- TestSuite.Android -->
