<?xml version="1.0" encoding="UTF-8"?>
<!-- Generated by org.testng.reporters.JUnitReportReporter -->
<testsuite hostname="Sumedh-Kp-C02F8051MD6M.local" failures="0" tests="1" name="base.BaseClass" time="0.010" errors="0" timestamp="2024-08-07T15:18:06 IST" skipped="0">
  <testcase classname="base.BaseClass" name="setUp" time="0.010"/>
  <system-out/>
</testsuite> <!-- base.BaseClass -->
