<?xml version="1.0" encoding="UTF-8"?>
<!-- Generated by org.testng.reporters.JUnitReportReporter -->
<testsuite hostname="Sumedh-Kp-C02F8051MD6M.local" failures="0" tests="1" name="User.Android.UserLoginFlow" time="58.902" errors="0" timestamp="2024-08-24T21:38:57 IST" skipped="0">
  <testcase classname="User.Android.UserLoginFlow" name="successfulUserLogin" time="58.902"/>
  <system-out/>
</testsuite> <!-- User.Android.UserLoginFlow -->
