<?xml version="1.0" encoding="UTF-8"?>
<!-- Generated by org.testng.reporters.JUnitReportReporter -->
<testsuite hostname="Sumedh-Kp-C02F8051MD6M.local" failures="0" tests="1" name="TestSuite.Android" time="0.022" errors="0" timestamp="2024-08-07T15:38:30 IST" skipped="0">
  <testcase classname="TestSuite.Android" name="sanityrideFlow" time="0.022"/>
  <system-out/>
</testsuite> <!-- TestSuite.Android -->
