<?xml version="1.0" encoding="UTF-8"?>
<!-- Generated by org.testng.reporters.JUnitReportReporter -->
<testsuite hostname="Sumedh-Kp-C02F8051MD6M.local" failures="0" tests="1" name="Driver.SwitchModes" time="42.626" errors="0" timestamp="2024-08-13T17:23:09 IST" skipped="0">
  <testcase classname="Driver.SwitchModes" name="driverMode" time="42.626"/>
  <system-out/>
</testsuite> <!-- Driver.SwitchModes -->
