<?xml version="1.0" encoding="UTF-8"?>
<!-- Generated by org.testng.reporters.JUnitReportReporter -->
<testsuite hostname="Sumedh-Kp-C02F8051MD6M.local" failures="0" tests="1" name="User.Android.UserLoginFlow" time="27.960" errors="0" timestamp="2024-09-16T17:24:12 IST" skipped="0">
  <testcase classname="User.Android.UserLoginFlow" name="successfulUserLogin" time="27.960"/>
  <system-out/>
</testsuite> <!-- User.Android.UserLoginFlow -->
