<?xml version="1.0" encoding="UTF-8"?>
<!-- Generated by org.testng.reporters.JUnitReportReporter -->
<testsuite hostname="Sumedh-Kp-C02F8051MD6M.local" failures="0" tests="1" name="Main.TestingFlowInputOptions" time="5.557" errors="0" timestamp="2024-08-11T20:53:17 IST" skipped="0">
  <testcase classname="Main.TestingFlowInputOptions" name="prerequisite" time="5.557"/>
  <system-out/>
</testsuite> <!-- Main.TestingFlowInputOptions -->
