<?xml version="1.0" encoding="UTF-8"?>
<!-- Generated by org.testng.reporters.JUnitReportReporter -->
<testsuite hostname="Sumedh-Kp-C02F8051MD6M.local" failures="0" tests="1" name="Driver.DriverRatingScreen" time="6.267" errors="0" timestamp="2024-08-22T20:00:23 IST" skipped="0">
  <testcase classname="Driver.DriverRatingScreen" name="ratingScreen" time="6.267"/>
  <system-out/>
</testsuite> <!-- Driver.DriverRatingScreen -->
